<?xml version="1.0" encoding="UTF-8"?>
<testsuites name="jest tests" tests="2" failures="0" time="18.317">
  <testsuite name="Zadanie nr. 2" errors="0" failures="0" skipped="0" timestamp="2021-04-23T11:13:28" time="18.152" tests="2">
    <testcase classname="Zadanie nr. 2" name="Dodano button o odpowiednim ID" time="0.005">
    </testcase>
    <testcase classname="Zadanie nr. 2" name="Po kliknięciu w button, uruchamia się timer i po 5 sekundach wyświetla &apos;Boom!&apos; w H1" time="8.011">
    </testcase>
  </testsuite>
</testsuites>